2022-03-29 15:32:16 - [34mINFO [0;39m - INFO  - Starting UzCardApplication using Java 17.0.1 on DESKTOP-E13TFLH with PID 2132 (C:\Users\asadb\OneDrive\Рабочий стол\UzCard\target\classes started by asadb in C:\Users\asadb\OneDrive\Рабочий стол\UzCard)
2022-03-29 15:32:16 - [34mINFO [0;39m - INFO  - No active profile set, falling back to 1 default profile: "default"
2022-03-29 15:32:17 - [34mINFO [0;39m - INFO  - Bootstrapping Spring Data JPA repositories in DEFAULT mode.
2022-03-29 15:32:17 - [34mINFO [0;39m - INFO  - Finished Spring Data repository scanning in 57 ms. Found 3 JPA repository interfaces.
2022-03-29 15:32:18 - [34mINFO [0;39m - INFO  - Tomcat initialized with port(s): 8080 (http)
2022-03-29 15:32:18 - [34mINFO [0;39m - INFO  - Starting service [Tomcat]
2022-03-29 15:32:18 - [34mINFO [0;39m - INFO  - Starting Servlet engine: [Apache Tomcat/9.0.60]
2022-03-29 15:32:18 - [34mINFO [0;39m - INFO  - Initializing Spring embedded WebApplicationContext
2022-03-29 15:32:18 - [34mINFO [0;39m - INFO  - Root WebApplicationContext: initialization completed in 1770 ms
2022-03-29 15:32:18 - [34mINFO [0;39m - INFO  - HHH000204: Processing PersistenceUnitInfo [name: default]
2022-03-29 15:32:18 - [34mINFO [0;39m - INFO  - HHH000412: Hibernate ORM core version 5.6.7.Final
2022-03-29 15:32:18 - [34mINFO [0;39m - INFO  - HCANN000001: Hibernate Commons Annotations {5.1.2.Final}
2022-03-29 15:32:19 - [34mINFO [0;39m - INFO  - HikariPool-1 - Starting...
2022-03-29 15:32:19 - [34mINFO [0;39m - INFO  - HikariPool-1 - Start completed.
2022-03-29 15:32:19 - [34mINFO [0;39m - INFO  - HHH000400: Using dialect: org.hibernate.dialect.PostgreSQL10Dialect
2022-03-29 15:32:19 - [31mWARN [0;39m - WARN  - HHH000409: Using org.hibernate.id.UUIDHexGenerator which does not generate IETF RFC 4122 compliant UUID values; consider using org.hibernate.id.UUIDGenerator instead
2022-03-29 15:32:19 - [34mINFO [0;39m - INFO  - HHH000490: Using JtaPlatform implementation: [org.hibernate.engine.transaction.jta.platform.internal.NoJtaPlatform]
2022-03-29 15:32:19 - [34mINFO [0;39m - INFO  - Initialized JPA EntityManagerFactory for persistence unit 'default'
2022-03-29 15:32:20 - [31mWARN [0;39m - WARN  - spring.jpa.open-in-view is enabled by default. Therefore, database queries may be performed during view rendering. Explicitly configure spring.jpa.open-in-view to disable this warning
2022-03-29 15:32:20 - [31mWARN [0;39m - WARN  - 

Using generated security password: f1db136f-73c6-4d0c-b12e-1bb088942d30

This generated password is for development use only. Your security configuration must be updated before running your application in production.

2022-03-29 15:32:21 - [34mINFO [0;39m - INFO  - Will not secure any request
2022-03-29 15:32:21 - [34mINFO [0;39m - INFO  - Tomcat started on port(s): 8080 (http) with context path ''
2022-03-29 15:32:21 - [34mINFO [0;39m - INFO  - Started UzCardApplication in 5.315 seconds (JVM running for 6.243)
2022-03-29 15:32:54 - [34mINFO [0;39m - INFO  - Initializing Spring DispatcherServlet 'dispatcherServlet'
2022-03-29 15:32:54 - [34mINFO [0;39m - INFO  - Initializing Servlet 'dispatcherServlet'
2022-03-29 15:32:54 - [34mINFO [0;39m - INFO  - Completed initialization in 2 ms
2022-03-29 15:34:22 - [34mINFO [0;39m - INFO  - Closing JPA EntityManagerFactory for persistence unit 'default'
2022-03-29 15:34:22 - [34mINFO [0;39m - INFO  - HikariPool-1 - Shutdown initiated...
2022-03-29 15:34:22 - [34mINFO [0;39m - INFO  - HikariPool-1 - Shutdown completed.
2022-03-29 15:34:34 - [34mINFO [0;39m - INFO  - Bootstrapping Spring Data JPA repositories in DEFAULT mode.
2022-03-29 15:34:34 - [34mINFO [0;39m - INFO  - Finished Spring Data repository scanning in 424 ms. Found 3 JPA repository interfaces.
2022-03-29 15:34:38 - [34mINFO [0;39m - INFO  - Tomcat initialized with port(s): 8080 (http)
2022-03-29 15:34:38 - [34mINFO [0;39m - INFO  - Starting service [Tomcat]
2022-03-29 15:34:38 - [34mINFO [0;39m - INFO  - Starting Servlet engine: [Apache Tomcat/9.0.60]
2022-03-29 15:34:39 - [34mINFO [0;39m - INFO  - Initializing Spring embedded WebApplicationContext
2022-03-29 15:34:39 - [34mINFO [0;39m - INFO  - Root WebApplicationContext: initialization completed in 6267 ms
2022-03-29 15:34:39 - [34mINFO [0;39m - INFO  - HHH000204: Processing PersistenceUnitInfo [name: default]
2022-03-29 15:34:39 - [34mINFO [0;39m - INFO  - HHH000412: Hibernate ORM core version 5.6.7.Final
2022-03-29 15:34:39 - [34mINFO [0;39m - INFO  - HCANN000001: Hibernate Commons Annotations {5.1.2.Final}
2022-03-29 15:34:39 - [34mINFO [0;39m - INFO  - HikariPool-1 - Starting...
2022-03-29 15:34:40 - [34mINFO [0;39m - INFO  - HikariPool-1 - Start completed.
2022-03-29 15:34:40 - [34mINFO [0;39m - INFO  - HHH000400: Using dialect: org.hibernate.dialect.PostgreSQL10Dialect
2022-03-29 15:34:40 - [31mWARN [0;39m - WARN  - HHH000409: Using org.hibernate.id.UUIDHexGenerator which does not generate IETF RFC 4122 compliant UUID values; consider using org.hibernate.id.UUIDGenerator instead
2022-03-29 15:34:41 - [34mINFO [0;39m - INFO  - HHH000490: Using JtaPlatform implementation: [org.hibernate.engine.transaction.jta.platform.internal.NoJtaPlatform]
2022-03-29 15:34:41 - [34mINFO [0;39m - INFO  - Initialized JPA EntityManagerFactory for persistence unit 'default'
2022-03-29 15:34:42 - [31mWARN [0;39m - WARN  - spring.jpa.open-in-view is enabled by default. Therefore, database queries may be performed during view rendering. Explicitly configure spring.jpa.open-in-view to disable this warning
2022-03-29 15:34:42 - [31mWARN [0;39m - WARN  - 

Using generated security password: 7aabbcc3-17ee-4ce7-b6f8-0ce497f6359a

This generated password is for development use only. Your security configuration must be updated before running your application in production.

2022-03-29 15:34:43 - [34mINFO [0;39m - INFO  - Will not secure any request
2022-03-29 15:34:43 - [34mINFO [0;39m - INFO  - Tomcat started on port(s): 8080 (http) with context path ''
2022-03-29 15:35:33 - [34mINFO [0;39m - INFO  - Initializing Spring DispatcherServlet 'dispatcherServlet'
2022-03-29 15:35:33 - [34mINFO [0;39m - INFO  - Initializing Servlet 'dispatcherServlet'
2022-03-29 15:35:33 - [34mINFO [0;39m - INFO  - Completed initialization in 2 ms
2022-03-29 15:35:48 - [31mWARN [0;39m - WARN  - Resolved [org.springframework.web.HttpRequestMethodNotSupportedException: Request method 'GET' not supported]
2022-03-29 15:36:33 - [34mINFO [0;39m - INFO  - Closing JPA EntityManagerFactory for persistence unit 'default'
2022-03-29 15:36:33 - [34mINFO [0;39m - INFO  - HikariPool-1 - Shutdown initiated...
2022-03-29 15:36:33 - [34mINFO [0;39m - INFO  - HikariPool-1 - Shutdown completed.
2022-03-29 15:36:51 - [34mINFO [0;39m - INFO  - Bootstrapping Spring Data JPA repositories in DEFAULT mode.
2022-03-29 15:36:51 - [34mINFO [0;39m - INFO  - Finished Spring Data repository scanning in 97 ms. Found 3 JPA repository interfaces.
2022-03-29 15:36:53 - [34mINFO [0;39m - INFO  - Tomcat initialized with port(s): 8080 (http)
2022-03-29 15:36:53 - [34mINFO [0;39m - INFO  - Starting service [Tomcat]
2022-03-29 15:36:53 - [34mINFO [0;39m - INFO  - Starting Servlet engine: [Apache Tomcat/9.0.60]
2022-03-29 15:36:53 - [34mINFO [0;39m - INFO  - Initializing Spring embedded WebApplicationContext
2022-03-29 15:36:53 - [34mINFO [0;39m - INFO  - Root WebApplicationContext: initialization completed in 8194 ms
2022-03-29 15:36:53 - [34mINFO [0;39m - INFO  - HHH000204: Processing PersistenceUnitInfo [name: default]
2022-03-29 15:36:54 - [34mINFO [0;39m - INFO  - HHH000412: Hibernate ORM core version 5.6.7.Final
2022-03-29 15:36:54 - [34mINFO [0;39m - INFO  - HCANN000001: Hibernate Commons Annotations {5.1.2.Final}
2022-03-29 15:36:54 - [34mINFO [0;39m - INFO  - HikariPool-1 - Starting...
2022-03-29 15:36:54 - [34mINFO [0;39m - INFO  - HikariPool-1 - Start completed.
2022-03-29 15:36:54 - [34mINFO [0;39m - INFO  - HHH000400: Using dialect: org.hibernate.dialect.PostgreSQL10Dialect
2022-03-29 15:36:55 - [31mWARN [0;39m - WARN  - HHH000409: Using org.hibernate.id.UUIDHexGenerator which does not generate IETF RFC 4122 compliant UUID values; consider using org.hibernate.id.UUIDGenerator instead
2022-03-29 15:36:56 - [34mINFO [0;39m - INFO  - HHH000490: Using JtaPlatform implementation: [org.hibernate.engine.transaction.jta.platform.internal.NoJtaPlatform]
2022-03-29 15:36:56 - [34mINFO [0;39m - INFO  - Initialized JPA EntityManagerFactory for persistence unit 'default'
2022-03-29 15:37:43 - [31mWARN [0;39m - WARN  - spring.jpa.open-in-view is enabled by default. Therefore, database queries may be performed during view rendering. Explicitly configure spring.jpa.open-in-view to disable this warning
2022-03-29 15:37:43 - [31mWARN [0;39m - WARN  - 

Using generated security password: 5079da12-fdb4-4dc6-a666-96e8b13a0390

This generated password is for development use only. Your security configuration must be updated before running your application in production.

2022-03-29 15:37:43 - [34mINFO [0;39m - INFO  - Will not secure any request
2022-03-29 15:37:43 - [34mINFO [0;39m - INFO  - Tomcat started on port(s): 8080 (http) with context path ''
2022-03-29 15:37:44 - [34mINFO [0;39m - INFO  - Closing JPA EntityManagerFactory for persistence unit 'default'
2022-03-29 15:37:44 - [34mINFO [0;39m - INFO  - HikariPool-1 - Shutdown initiated...
2022-03-29 15:37:44 - [34mINFO [0;39m - INFO  - HikariPool-1 - Shutdown completed.
2022-03-29 15:38:02 - [34mINFO [0;39m - INFO  - Bootstrapping Spring Data JPA repositories in DEFAULT mode.
2022-03-29 15:38:02 - [34mINFO [0;39m - INFO  - Finished Spring Data repository scanning in 177 ms. Found 3 JPA repository interfaces.
2022-03-29 15:38:09 - [34mINFO [0;39m - INFO  - Tomcat initialized with port(s): 8080 (http)
2022-03-29 15:38:09 - [34mINFO [0;39m - INFO  - Starting service [Tomcat]
2022-03-29 15:38:09 - [34mINFO [0;39m - INFO  - Starting Servlet engine: [Apache Tomcat/9.0.60]
2022-03-29 15:38:10 - [34mINFO [0;39m - INFO  - Initializing Spring embedded WebApplicationContext
2022-03-29 15:38:10 - [34mINFO [0;39m - INFO  - Root WebApplicationContext: initialization completed in 20756 ms
2022-03-29 15:38:17 - [34mINFO [0;39m - INFO  - HHH000204: Processing PersistenceUnitInfo [name: default]
2022-03-29 15:38:17 - [34mINFO [0;39m - INFO  - HHH000412: Hibernate ORM core version 5.6.7.Final
2022-03-29 15:38:17 - [34mINFO [0;39m - INFO  - HCANN000001: Hibernate Commons Annotations {5.1.2.Final}
2022-03-29 15:38:17 - [34mINFO [0;39m - INFO  - HikariPool-1 - Starting...
2022-03-29 15:38:17 - [34mINFO [0;39m - INFO  - HikariPool-1 - Start completed.
2022-03-29 15:38:17 - [34mINFO [0;39m - INFO  - HHH000400: Using dialect: org.hibernate.dialect.PostgreSQL10Dialect
2022-03-29 15:38:18 - [31mWARN [0;39m - WARN  - HHH000409: Using org.hibernate.id.UUIDHexGenerator which does not generate IETF RFC 4122 compliant UUID values; consider using org.hibernate.id.UUIDGenerator instead
2022-03-29 15:38:18 - [34mINFO [0;39m - INFO  - HHH000490: Using JtaPlatform implementation: [org.hibernate.engine.transaction.jta.platform.internal.NoJtaPlatform]
2022-03-29 15:38:18 - [34mINFO [0;39m - INFO  - Initialized JPA EntityManagerFactory for persistence unit 'default'
2022-03-29 15:39:14 - [31mWARN [0;39m - WARN  - spring.jpa.open-in-view is enabled by default. Therefore, database queries may be performed during view rendering. Explicitly configure spring.jpa.open-in-view to disable this warning
2022-03-29 15:39:15 - [31mWARN [0;39m - WARN  - 

Using generated security password: 0f4afc9d-7027-476f-b35a-673c342f9e33

This generated password is for development use only. Your security configuration must be updated before running your application in production.

2022-03-29 15:39:15 - [34mINFO [0;39m - INFO  - Will not secure any request
2022-03-29 15:39:15 - [34mINFO [0;39m - INFO  - Tomcat started on port(s): 8080 (http) with context path ''
2022-03-29 15:39:15 - [34mINFO [0;39m - INFO  - Closing JPA EntityManagerFactory for persistence unit 'default'
2022-03-29 15:39:15 - [34mINFO [0;39m - INFO  - HikariPool-1 - Shutdown initiated...
2022-03-29 15:39:15 - [34mINFO [0;39m - INFO  - HikariPool-1 - Shutdown completed.
2022-03-29 15:40:20 - [34mINFO [0;39m - INFO  - Bootstrapping Spring Data JPA repositories in DEFAULT mode.
2022-03-29 15:40:20 - [34mINFO [0;39m - INFO  - Finished Spring Data repository scanning in 117 ms. Found 3 JPA repository interfaces.
2022-03-29 15:40:21 - [34mINFO [0;39m - INFO  - Tomcat initialized with port(s): 8080 (http)
2022-03-29 15:40:21 - [34mINFO [0;39m - INFO  - Starting service [Tomcat]
2022-03-29 15:40:21 - [34mINFO [0;39m - INFO  - Starting Servlet engine: [Apache Tomcat/9.0.60]
2022-03-29 15:40:22 - [34mINFO [0;39m - INFO  - Initializing Spring embedded WebApplicationContext
2022-03-29 15:40:22 - [34mINFO [0;39m - INFO  - Root WebApplicationContext: initialization completed in 3947 ms
2022-03-29 15:40:22 - [34mINFO [0;39m - INFO  - HHH000204: Processing PersistenceUnitInfo [name: default]
2022-03-29 15:40:22 - [34mINFO [0;39m - INFO  - HHH000412: Hibernate ORM core version 5.6.7.Final
2022-03-29 15:40:23 - [34mINFO [0;39m - INFO  - HCANN000001: Hibernate Commons Annotations {5.1.2.Final}
2022-03-29 15:40:23 - [34mINFO [0;39m - INFO  - HikariPool-1 - Starting...
2022-03-29 15:40:23 - [34mINFO [0;39m - INFO  - HikariPool-1 - Start completed.
2022-03-29 15:40:23 - [34mINFO [0;39m - INFO  - HHH000400: Using dialect: org.hibernate.dialect.PostgreSQL10Dialect
2022-03-29 15:40:24 - [31mWARN [0;39m - WARN  - HHH000409: Using org.hibernate.id.UUIDHexGenerator which does not generate IETF RFC 4122 compliant UUID values; consider using org.hibernate.id.UUIDGenerator instead
2022-03-29 15:40:25 - [34mINFO [0;39m - INFO  - HHH000490: Using JtaPlatform implementation: [org.hibernate.engine.transaction.jta.platform.internal.NoJtaPlatform]
2022-03-29 15:40:25 - [34mINFO [0;39m - INFO  - Initialized JPA EntityManagerFactory for persistence unit 'default'
2022-03-29 15:41:31 - [34mINFO [0;39m - INFO  - Bootstrapping Spring Data JPA repositories in DEFAULT mode.
2022-03-29 15:41:31 - [34mINFO [0;39m - INFO  - Finished Spring Data repository scanning in 119 ms. Found 3 JPA repository interfaces.
2022-03-29 15:41:33 - [34mINFO [0;39m - INFO  - HHH000204: Processing PersistenceUnitInfo [name: default]
2022-03-29 15:41:33 - [34mINFO [0;39m - INFO  - HHH000412: Hibernate ORM core version 5.6.7.Final
2022-03-29 15:41:33 - [34mINFO [0;39m - INFO  - HCANN000001: Hibernate Commons Annotations {5.1.2.Final}
2022-03-29 15:41:34 - [34mINFO [0;39m - INFO  - HikariPool-1 - Starting...
2022-03-29 15:41:34 - [34mINFO [0;39m - INFO  - HikariPool-1 - Start completed.
2022-03-29 15:41:34 - [34mINFO [0;39m - INFO  - HHH000400: Using dialect: org.hibernate.dialect.PostgreSQL10Dialect
2022-03-29 15:41:35 - [31mWARN [0;39m - WARN  - HHH000409: Using org.hibernate.id.UUIDHexGenerator which does not generate IETF RFC 4122 compliant UUID values; consider using org.hibernate.id.UUIDGenerator instead
2022-03-29 15:41:36 - [34mINFO [0;39m - INFO  - HHH000490: Using JtaPlatform implementation: [org.hibernate.engine.transaction.jta.platform.internal.NoJtaPlatform]
2022-03-29 15:41:36 - [34mINFO [0;39m - INFO  - Initialized JPA EntityManagerFactory for persistence unit 'default'
2022-03-29 15:41:39 - [31mWARN [0;39m - WARN  - spring.jpa.open-in-view is enabled by default. Therefore, database queries may be performed during view rendering. Explicitly configure spring.jpa.open-in-view to disable this warning
2022-03-29 15:41:43 - [34mINFO [0;39m - INFO  - Closing JPA EntityManagerFactory for persistence unit 'default'
2022-03-29 15:41:43 - [34mINFO [0;39m - INFO  - HikariPool-1 - Shutdown initiated...
2022-03-29 15:41:43 - [34mINFO [0;39m - INFO  - HikariPool-1 - Shutdown completed.
2022-03-29 15:42:31 - [31mWARN [0;39m - WARN  - spring.jpa.open-in-view is enabled by default. Therefore, database queries may be performed during view rendering. Explicitly configure spring.jpa.open-in-view to disable this warning
2022-03-29 15:42:32 - [34mINFO [0;39m - INFO  - Tomcat started on port(s): 8080 (http) with context path ''
2022-03-29 15:43:18 - [34mINFO [0;39m - INFO  - Bootstrapping Spring Data JPA repositories in DEFAULT mode.
2022-03-29 15:43:18 - [34mINFO [0;39m - INFO  - Finished Spring Data repository scanning in 90 ms. Found 3 JPA repository interfaces.
2022-03-29 15:43:20 - [34mINFO [0;39m - INFO  - HHH000204: Processing PersistenceUnitInfo [name: default]
2022-03-29 15:43:20 - [34mINFO [0;39m - INFO  - HHH000412: Hibernate ORM core version 5.6.7.Final
2022-03-29 15:43:20 - [34mINFO [0;39m - INFO  - HCANN000001: Hibernate Commons Annotations {5.1.2.Final}
2022-03-29 15:43:20 - [34mINFO [0;39m - INFO  - HikariPool-1 - Starting...
2022-03-29 15:43:21 - [34mINFO [0;39m - INFO  - HikariPool-1 - Start completed.
2022-03-29 15:43:21 - [34mINFO [0;39m - INFO  - HHH000400: Using dialect: org.hibernate.dialect.PostgreSQL10Dialect
2022-03-29 15:43:21 - [31mWARN [0;39m - WARN  - HHH000409: Using org.hibernate.id.UUIDHexGenerator which does not generate IETF RFC 4122 compliant UUID values; consider using org.hibernate.id.UUIDGenerator instead
2022-03-29 15:43:22 - [34mINFO [0;39m - INFO  - HHH000490: Using JtaPlatform implementation: [org.hibernate.engine.transaction.jta.platform.internal.NoJtaPlatform]
2022-03-29 15:43:22 - [34mINFO [0;39m - INFO  - Initialized JPA EntityManagerFactory for persistence unit 'default'
2022-03-29 15:43:25 - [31mWARN [0;39m - WARN  - spring.jpa.open-in-view is enabled by default. Therefore, database queries may be performed during view rendering. Explicitly configure spring.jpa.open-in-view to disable this warning
2022-03-29 15:43:28 - [34mINFO [0;39m - INFO  - Closing JPA EntityManagerFactory for persistence unit 'default'
2022-03-29 15:43:28 - [34mINFO [0;39m - INFO  - HikariPool-1 - Shutdown initiated...
2022-03-29 15:43:28 - [34mINFO [0;39m - INFO  - HikariPool-1 - Shutdown completed.
2022-03-29 15:43:44 - [34mINFO [0;39m - INFO  - Closing JPA EntityManagerFactory for persistence unit 'default'
2022-03-29 15:43:44 - [34mINFO [0;39m - INFO  - HikariPool-1 - Shutdown initiated...
2022-03-29 15:43:44 - [34mINFO [0;39m - INFO  - HikariPool-1 - Shutdown completed.
