2022-04-04 17:41:47 - [34mINFO [0;39m - INFO  - Bootstrapping Spring Data JPA repositories in DEFAULT mode.
2022-04-04 17:41:47 - [34mINFO [0;39m - INFO  - Finished Spring Data repository scanning in 44 ms. Found 3 JPA repository interfaces.
2022-04-04 17:41:48 - [34mINFO [0;39m - INFO  - Tomcat initialized with port(s): 8080 (http)
2022-04-04 17:41:48 - [34mINFO [0;39m - INFO  - Starting service [Tomcat]
2022-04-04 17:41:48 - [34mINFO [0;39m - INFO  - Starting Servlet engine: [Apache Tomcat/9.0.60]
2022-04-04 17:41:48 - [34mINFO [0;39m - INFO  - Initializing Spring embedded WebApplicationContext
2022-04-04 17:41:48 - [34mINFO [0;39m - INFO  - Root WebApplicationContext: initialization completed in 1590 ms
2022-04-04 17:41:48 - [34mINFO [0;39m - INFO  - HHH000204: Processing PersistenceUnitInfo [name: default]
2022-04-04 17:41:48 - [34mINFO [0;39m - INFO  - HHH000412: Hibernate ORM core version 5.6.7.Final
2022-04-04 17:41:48 - [34mINFO [0;39m - INFO  - HCANN000001: Hibernate Commons Annotations {5.1.2.Final}
2022-04-04 17:41:48 - [34mINFO [0;39m - INFO  - HikariPool-1 - Starting...
2022-04-04 17:41:49 - [34mINFO [0;39m - INFO  - HikariPool-1 - Start completed.
2022-04-04 17:41:49 - [34mINFO [0;39m - INFO  - HHH000400: Using dialect: org.hibernate.dialect.PostgreSQL10Dialect
2022-04-04 17:41:49 - [31mWARN [0;39m - WARN  - HHH000409: Using org.hibernate.id.UUIDHexGenerator which does not generate IETF RFC 4122 compliant UUID values; consider using org.hibernate.id.UUIDGenerator instead
2022-04-04 17:41:51 - [34mINFO [0;39m - INFO  - HHH000490: Using JtaPlatform implementation: [org.hibernate.engine.transaction.jta.platform.internal.NoJtaPlatform]
2022-04-04 17:41:51 - [34mINFO [0;39m - INFO  - Initialized JPA EntityManagerFactory for persistence unit 'default'
2022-04-04 17:41:53 - [31mWARN [0;39m - WARN  - spring.jpa.open-in-view is enabled by default. Therefore, database queries may be performed during view rendering. Explicitly configure spring.jpa.open-in-view to disable this warning
2022-04-04 17:41:58 - [31mWARN [0;39m - WARN  - 

Using generated security password: 8dd00b66-4257-4d28-8eb8-508b05e7e527

This generated password is for development use only. Your security configuration must be updated before running your application in production.

2022-04-04 17:42:00 - [34mINFO [0;39m - INFO  - Will not secure any request
2022-04-04 17:42:00 - [34mINFO [0;39m - INFO  - Tomcat started on port(s): 8080 (http) with context path ''
2022-04-04 17:42:57 - [34mINFO [0;39m - INFO  - Initializing Spring DispatcherServlet 'dispatcherServlet'
2022-04-04 17:42:57 - [34mINFO [0;39m - INFO  - Initializing Servlet 'dispatcherServlet'
2022-04-04 17:42:57 - [34mINFO [0;39m - INFO  - Completed initialization in 0 ms
2022-04-04 17:45:11 - [34mINFO [0;39m - INFO  - Closing JPA EntityManagerFactory for persistence unit 'default'
2022-04-04 17:45:11 - [34mINFO [0;39m - INFO  - HikariPool-1 - Shutdown initiated...
2022-04-04 17:45:11 - [34mINFO [0;39m - INFO  - HikariPool-1 - Shutdown completed.
2022-04-04 17:45:17 - [34mINFO [0;39m - INFO  - Bootstrapping Spring Data JPA repositories in DEFAULT mode.
2022-04-04 17:45:17 - [34mINFO [0;39m - INFO  - Finished Spring Data repository scanning in 59 ms. Found 3 JPA repository interfaces.
2022-04-04 17:45:18 - [34mINFO [0;39m - INFO  - Tomcat initialized with port(s): 8080 (http)
2022-04-04 17:45:18 - [34mINFO [0;39m - INFO  - Starting service [Tomcat]
2022-04-04 17:45:18 - [34mINFO [0;39m - INFO  - Starting Servlet engine: [Apache Tomcat/9.0.60]
2022-04-04 17:45:18 - [34mINFO [0;39m - INFO  - Initializing Spring embedded WebApplicationContext
2022-04-04 17:45:18 - [34mINFO [0;39m - INFO  - Root WebApplicationContext: initialization completed in 1649 ms
2022-04-04 17:45:18 - [34mINFO [0;39m - INFO  - HHH000204: Processing PersistenceUnitInfo [name: default]
2022-04-04 17:45:18 - [34mINFO [0;39m - INFO  - HHH000412: Hibernate ORM core version 5.6.7.Final
2022-04-04 17:45:18 - [34mINFO [0;39m - INFO  - HCANN000001: Hibernate Commons Annotations {5.1.2.Final}
2022-04-04 17:45:18 - [34mINFO [0;39m - INFO  - HikariPool-1 - Starting...
2022-04-04 17:45:18 - [34mINFO [0;39m - INFO  - HikariPool-1 - Start completed.
2022-04-04 17:45:19 - [34mINFO [0;39m - INFO  - HHH000400: Using dialect: org.hibernate.dialect.PostgreSQL10Dialect
2022-04-04 17:45:19 - [31mWARN [0;39m - WARN  - HHH000409: Using org.hibernate.id.UUIDHexGenerator which does not generate IETF RFC 4122 compliant UUID values; consider using org.hibernate.id.UUIDGenerator instead
2022-04-04 17:45:19 - [34mINFO [0;39m - INFO  - HHH000490: Using JtaPlatform implementation: [org.hibernate.engine.transaction.jta.platform.internal.NoJtaPlatform]
2022-04-04 17:45:19 - [34mINFO [0;39m - INFO  - Initialized JPA EntityManagerFactory for persistence unit 'default'
2022-04-04 17:45:20 - [31mWARN [0;39m - WARN  - spring.jpa.open-in-view is enabled by default. Therefore, database queries may be performed during view rendering. Explicitly configure spring.jpa.open-in-view to disable this warning
2022-04-04 17:45:20 - [31mWARN [0;39m - WARN  - 

Using generated security password: 9cbed6d7-3e01-4cb2-bbcf-4213dfa8cdca

This generated password is for development use only. Your security configuration must be updated before running your application in production.

2022-04-04 17:45:20 - [34mINFO [0;39m - INFO  - Will not secure any request
2022-04-04 17:45:20 - [34mINFO [0;39m - INFO  - Tomcat started on port(s): 8080 (http) with context path ''
2022-04-04 17:45:41 - [34mINFO [0;39m - INFO  - Initializing Spring DispatcherServlet 'dispatcherServlet'
2022-04-04 17:45:41 - [34mINFO [0;39m - INFO  - Initializing Servlet 'dispatcherServlet'
2022-04-04 17:45:41 - [34mINFO [0;39m - INFO  - Completed initialization in 0 ms
2022-04-04 17:47:08 - [34mINFO [0;39m - INFO  - Closing JPA EntityManagerFactory for persistence unit 'default'
2022-04-04 17:47:08 - [34mINFO [0;39m - INFO  - HikariPool-1 - Shutdown initiated...
2022-04-04 17:47:08 - [34mINFO [0;39m - INFO  - HikariPool-1 - Shutdown completed.
2022-04-04 17:47:13 - [34mINFO [0;39m - INFO  - Bootstrapping Spring Data JPA repositories in DEFAULT mode.
2022-04-04 17:47:13 - [34mINFO [0;39m - INFO  - Finished Spring Data repository scanning in 34 ms. Found 3 JPA repository interfaces.
2022-04-04 17:47:13 - [34mINFO [0;39m - INFO  - Tomcat initialized with port(s): 9090 (http)
2022-04-04 17:47:13 - [34mINFO [0;39m - INFO  - Starting service [Tomcat]
2022-04-04 17:47:13 - [34mINFO [0;39m - INFO  - Starting Servlet engine: [Apache Tomcat/9.0.60]
2022-04-04 17:47:13 - [34mINFO [0;39m - INFO  - Initializing Spring embedded WebApplicationContext
2022-04-04 17:47:13 - [34mINFO [0;39m - INFO  - Root WebApplicationContext: initialization completed in 1376 ms
2022-04-04 17:47:13 - [34mINFO [0;39m - INFO  - HHH000204: Processing PersistenceUnitInfo [name: default]
2022-04-04 17:47:13 - [34mINFO [0;39m - INFO  - HHH000412: Hibernate ORM core version 5.6.7.Final
2022-04-04 17:47:14 - [34mINFO [0;39m - INFO  - HCANN000001: Hibernate Commons Annotations {5.1.2.Final}
2022-04-04 17:47:14 - [34mINFO [0;39m - INFO  - HikariPool-1 - Starting...
2022-04-04 17:47:14 - [34mINFO [0;39m - INFO  - HikariPool-1 - Start completed.
2022-04-04 17:47:14 - [34mINFO [0;39m - INFO  - HHH000400: Using dialect: org.hibernate.dialect.PostgreSQL10Dialect
2022-04-04 17:47:14 - [31mWARN [0;39m - WARN  - HHH000409: Using org.hibernate.id.UUIDHexGenerator which does not generate IETF RFC 4122 compliant UUID values; consider using org.hibernate.id.UUIDGenerator instead
2022-04-04 17:47:15 - [34mINFO [0;39m - INFO  - HHH000490: Using JtaPlatform implementation: [org.hibernate.engine.transaction.jta.platform.internal.NoJtaPlatform]
2022-04-04 17:47:15 - [34mINFO [0;39m - INFO  - Initialized JPA EntityManagerFactory for persistence unit 'default'
2022-04-04 17:47:16 - [31mWARN [0;39m - WARN  - spring.jpa.open-in-view is enabled by default. Therefore, database queries may be performed during view rendering. Explicitly configure spring.jpa.open-in-view to disable this warning
2022-04-04 17:47:16 - [31mWARN [0;39m - WARN  - 

Using generated security password: aeb77fe8-8977-467a-bf2b-f185d96f05f4

This generated password is for development use only. Your security configuration must be updated before running your application in production.

2022-04-04 17:47:16 - [34mINFO [0;39m - INFO  - Will not secure any request
2022-04-04 17:47:16 - [34mINFO [0;39m - INFO  - Tomcat started on port(s): 9090 (http) with context path ''
2022-04-04 17:47:50 - [34mINFO [0;39m - INFO  - Initializing Spring DispatcherServlet 'dispatcherServlet'
2022-04-04 17:47:50 - [34mINFO [0;39m - INFO  - Initializing Servlet 'dispatcherServlet'
2022-04-04 17:47:50 - [34mINFO [0;39m - INFO  - Completed initialization in 3 ms
2022-04-04 17:49:05 - [34mINFO [0;39m - INFO  - Closing JPA EntityManagerFactory for persistence unit 'default'
2022-04-04 17:49:05 - [34mINFO [0;39m - INFO  - HikariPool-1 - Shutdown initiated...
2022-04-04 17:49:05 - [34mINFO [0;39m - INFO  - HikariPool-1 - Shutdown completed.
2022-04-04 17:49:11 - [34mINFO [0;39m - INFO  - Bootstrapping Spring Data JPA repositories in DEFAULT mode.
2022-04-04 17:49:11 - [34mINFO [0;39m - INFO  - Finished Spring Data repository scanning in 38 ms. Found 3 JPA repository interfaces.
2022-04-04 17:49:11 - [34mINFO [0;39m - INFO  - Tomcat initialized with port(s): 9090 (http)
2022-04-04 17:49:11 - [34mINFO [0;39m - INFO  - Starting service [Tomcat]
2022-04-04 17:49:11 - [34mINFO [0;39m - INFO  - Starting Servlet engine: [Apache Tomcat/9.0.60]
2022-04-04 17:49:12 - [34mINFO [0;39m - INFO  - Initializing Spring embedded WebApplicationContext
2022-04-04 17:49:12 - [34mINFO [0;39m - INFO  - Root WebApplicationContext: initialization completed in 1253 ms
2022-04-04 17:49:12 - [34mINFO [0;39m - INFO  - HHH000204: Processing PersistenceUnitInfo [name: default]
2022-04-04 17:49:12 - [34mINFO [0;39m - INFO  - HHH000412: Hibernate ORM core version 5.6.7.Final
2022-04-04 17:49:12 - [34mINFO [0;39m - INFO  - HCANN000001: Hibernate Commons Annotations {5.1.2.Final}
2022-04-04 17:49:12 - [34mINFO [0;39m - INFO  - HikariPool-1 - Starting...
2022-04-04 17:49:12 - [34mINFO [0;39m - INFO  - HikariPool-1 - Start completed.
2022-04-04 17:49:12 - [34mINFO [0;39m - INFO  - HHH000400: Using dialect: org.hibernate.dialect.PostgreSQL10Dialect
2022-04-04 17:49:12 - [31mWARN [0;39m - WARN  - HHH000409: Using org.hibernate.id.UUIDHexGenerator which does not generate IETF RFC 4122 compliant UUID values; consider using org.hibernate.id.UUIDGenerator instead
2022-04-04 17:49:12 - [34mINFO [0;39m - INFO  - HHH000490: Using JtaPlatform implementation: [org.hibernate.engine.transaction.jta.platform.internal.NoJtaPlatform]
2022-04-04 17:49:12 - [34mINFO [0;39m - INFO  - Initialized JPA EntityManagerFactory for persistence unit 'default'
2022-04-04 17:49:13 - [31mWARN [0;39m - WARN  - spring.jpa.open-in-view is enabled by default. Therefore, database queries may be performed during view rendering. Explicitly configure spring.jpa.open-in-view to disable this warning
2022-04-04 17:49:13 - [31mWARN [0;39m - WARN  - 

Using generated security password: 86716bf4-1d3c-48b6-8af9-936a79136a9b

This generated password is for development use only. Your security configuration must be updated before running your application in production.

2022-04-04 17:49:13 - [34mINFO [0;39m - INFO  - Will not secure any request
2022-04-04 17:49:13 - [34mINFO [0;39m - INFO  - Tomcat started on port(s): 9090 (http) with context path ''
2022-04-04 17:49:54 - [34mINFO [0;39m - INFO  - Initializing Spring DispatcherServlet 'dispatcherServlet'
2022-04-04 17:49:54 - [34mINFO [0;39m - INFO  - Initializing Servlet 'dispatcherServlet'
2022-04-04 17:49:54 - [34mINFO [0;39m - INFO  - Completed initialization in 1 ms
2022-04-04 17:51:03 - [34mINFO [0;39m - INFO  - Closing JPA EntityManagerFactory for persistence unit 'default'
2022-04-04 17:51:03 - [34mINFO [0;39m - INFO  - HikariPool-1 - Shutdown initiated...
2022-04-04 17:51:03 - [34mINFO [0;39m - INFO  - HikariPool-1 - Shutdown completed.
2022-04-04 17:51:14 - [34mINFO [0;39m - INFO  - Bootstrapping Spring Data JPA repositories in DEFAULT mode.
2022-04-04 17:51:14 - [34mINFO [0;39m - INFO  - Finished Spring Data repository scanning in 42 ms. Found 3 JPA repository interfaces.
2022-04-04 17:51:15 - [34mINFO [0;39m - INFO  - Tomcat initialized with port(s): 9090 (http)
2022-04-04 17:51:15 - [34mINFO [0;39m - INFO  - Starting service [Tomcat]
2022-04-04 17:51:15 - [34mINFO [0;39m - INFO  - Starting Servlet engine: [Apache Tomcat/9.0.60]
2022-04-04 17:51:15 - [34mINFO [0;39m - INFO  - Initializing Spring embedded WebApplicationContext
2022-04-04 17:51:15 - [34mINFO [0;39m - INFO  - Root WebApplicationContext: initialization completed in 1217 ms
2022-04-04 17:51:15 - [34mINFO [0;39m - INFO  - HHH000204: Processing PersistenceUnitInfo [name: default]
2022-04-04 17:51:15 - [34mINFO [0;39m - INFO  - HHH000412: Hibernate ORM core version 5.6.7.Final
2022-04-04 17:51:15 - [34mINFO [0;39m - INFO  - HCANN000001: Hibernate Commons Annotations {5.1.2.Final}
2022-04-04 17:51:15 - [34mINFO [0;39m - INFO  - HikariPool-1 - Starting...
2022-04-04 17:51:15 - [34mINFO [0;39m - INFO  - HikariPool-1 - Start completed.
2022-04-04 17:51:15 - [34mINFO [0;39m - INFO  - HHH000400: Using dialect: org.hibernate.dialect.PostgreSQL10Dialect
2022-04-04 17:51:15 - [31mWARN [0;39m - WARN  - HHH000409: Using org.hibernate.id.UUIDHexGenerator which does not generate IETF RFC 4122 compliant UUID values; consider using org.hibernate.id.UUIDGenerator instead
2022-04-04 17:51:16 - [34mINFO [0;39m - INFO  - HHH000490: Using JtaPlatform implementation: [org.hibernate.engine.transaction.jta.platform.internal.NoJtaPlatform]
2022-04-04 17:51:16 - [34mINFO [0;39m - INFO  - Initialized JPA EntityManagerFactory for persistence unit 'default'
2022-04-04 17:51:16 - [31mWARN [0;39m - WARN  - spring.jpa.open-in-view is enabled by default. Therefore, database queries may be performed during view rendering. Explicitly configure spring.jpa.open-in-view to disable this warning
2022-04-04 17:51:17 - [34mINFO [0;39m - INFO  - Tomcat started on port(s): 9090 (http) with context path ''
2022-04-04 17:51:36 - [34mINFO [0;39m - INFO  - Initializing Spring DispatcherServlet 'dispatcherServlet'
2022-04-04 17:51:36 - [34mINFO [0;39m - INFO  - Initializing Servlet 'dispatcherServlet'
2022-04-04 17:51:36 - [34mINFO [0;39m - INFO  - Completed initialization in 4 ms
2022-04-04 17:58:13 - [34mINFO [0;39m - INFO  - Closing JPA EntityManagerFactory for persistence unit 'default'
2022-04-04 17:58:13 - [34mINFO [0;39m - INFO  - HikariPool-1 - Shutdown initiated...
2022-04-04 17:58:13 - [34mINFO [0;39m - INFO  - HikariPool-1 - Shutdown completed.
2022-04-04 17:58:23 - [34mINFO [0;39m - INFO  - Bootstrapping Spring Data JPA repositories in DEFAULT mode.
2022-04-04 17:58:23 - [34mINFO [0;39m - INFO  - Finished Spring Data repository scanning in 33 ms. Found 3 JPA repository interfaces.
2022-04-04 17:58:23 - [34mINFO [0;39m - INFO  - Tomcat initialized with port(s): 9090 (http)
2022-04-04 17:58:23 - [34mINFO [0;39m - INFO  - Starting service [Tomcat]
2022-04-04 17:58:23 - [34mINFO [0;39m - INFO  - Starting Servlet engine: [Apache Tomcat/9.0.60]
2022-04-04 17:58:23 - [34mINFO [0;39m - INFO  - Initializing Spring embedded WebApplicationContext
2022-04-04 17:58:23 - [34mINFO [0;39m - INFO  - Root WebApplicationContext: initialization completed in 1243 ms
2022-04-04 17:58:23 - [34mINFO [0;39m - INFO  - HHH000204: Processing PersistenceUnitInfo [name: default]
2022-04-04 17:58:23 - [34mINFO [0;39m - INFO  - HHH000412: Hibernate ORM core version 5.6.7.Final
2022-04-04 17:58:23 - [34mINFO [0;39m - INFO  - HCANN000001: Hibernate Commons Annotations {5.1.2.Final}
2022-04-04 17:58:23 - [34mINFO [0;39m - INFO  - HikariPool-1 - Starting...
2022-04-04 17:58:24 - [34mINFO [0;39m - INFO  - HikariPool-1 - Start completed.
2022-04-04 17:58:24 - [34mINFO [0;39m - INFO  - HHH000400: Using dialect: org.hibernate.dialect.PostgreSQL10Dialect
2022-04-04 17:58:24 - [31mWARN [0;39m - WARN  - HHH000409: Using org.hibernate.id.UUIDHexGenerator which does not generate IETF RFC 4122 compliant UUID values; consider using org.hibernate.id.UUIDGenerator instead
2022-04-04 17:58:24 - [34mINFO [0;39m - INFO  - HHH000490: Using JtaPlatform implementation: [org.hibernate.engine.transaction.jta.platform.internal.NoJtaPlatform]
2022-04-04 17:58:24 - [34mINFO [0;39m - INFO  - Initialized JPA EntityManagerFactory for persistence unit 'default'
2022-04-04 17:58:25 - [31mWARN [0;39m - WARN  - spring.jpa.open-in-view is enabled by default. Therefore, database queries may be performed during view rendering. Explicitly configure spring.jpa.open-in-view to disable this warning
2022-04-04 17:58:25 - [34mINFO [0;39m - INFO  - Tomcat started on port(s): 9090 (http) with context path ''
2022-04-04 18:12:23 - [34mINFO [0;39m - INFO  - Closing JPA EntityManagerFactory for persistence unit 'default'
2022-04-04 18:12:23 - [34mINFO [0;39m - INFO  - HikariPool-1 - Shutdown initiated...
2022-04-04 18:12:23 - [34mINFO [0;39m - INFO  - HikariPool-1 - Shutdown completed.
2022-04-04 18:12:31 - [34mINFO [0;39m - INFO  - Bootstrapping Spring Data JPA repositories in DEFAULT mode.
2022-04-04 18:12:31 - [34mINFO [0;39m - INFO  - Finished Spring Data repository scanning in 36 ms. Found 3 JPA repository interfaces.
2022-04-04 18:12:32 - [34mINFO [0;39m - INFO  - Tomcat initialized with port(s): 9090 (http)
2022-04-04 18:12:32 - [34mINFO [0;39m - INFO  - Starting service [Tomcat]
2022-04-04 18:12:32 - [34mINFO [0;39m - INFO  - Starting Servlet engine: [Apache Tomcat/9.0.60]
2022-04-04 18:12:32 - [34mINFO [0;39m - INFO  - Initializing Spring embedded WebApplicationContext
2022-04-04 18:12:32 - [34mINFO [0;39m - INFO  - Root WebApplicationContext: initialization completed in 1175 ms
2022-04-04 18:12:32 - [34mINFO [0;39m - INFO  - HHH000204: Processing PersistenceUnitInfo [name: default]
2022-04-04 18:12:32 - [34mINFO [0;39m - INFO  - HHH000412: Hibernate ORM core version 5.6.7.Final
2022-04-04 18:12:32 - [34mINFO [0;39m - INFO  - HCANN000001: Hibernate Commons Annotations {5.1.2.Final}
2022-04-04 18:12:32 - [34mINFO [0;39m - INFO  - HikariPool-1 - Starting...
2022-04-04 18:12:32 - [34mINFO [0;39m - INFO  - HikariPool-1 - Start completed.
2022-04-04 18:12:32 - [34mINFO [0;39m - INFO  - HHH000400: Using dialect: org.hibernate.dialect.PostgreSQL10Dialect
2022-04-04 18:12:32 - [31mWARN [0;39m - WARN  - HHH000409: Using org.hibernate.id.UUIDHexGenerator which does not generate IETF RFC 4122 compliant UUID values; consider using org.hibernate.id.UUIDGenerator instead
2022-04-04 18:12:33 - [34mINFO [0;39m - INFO  - HHH000490: Using JtaPlatform implementation: [org.hibernate.engine.transaction.jta.platform.internal.NoJtaPlatform]
2022-04-04 18:12:33 - [34mINFO [0;39m - INFO  - Initialized JPA EntityManagerFactory for persistence unit 'default'
2022-04-04 18:12:33 - [31mWARN [0;39m - WARN  - spring.jpa.open-in-view is enabled by default. Therefore, database queries may be performed during view rendering. Explicitly configure spring.jpa.open-in-view to disable this warning
2022-04-04 18:12:34 - [34mINFO [0;39m - INFO  - Tomcat started on port(s): 9090 (http) with context path ''
2022-04-04 18:13:00 - [34mINFO [0;39m - INFO  - Initializing Spring DispatcherServlet 'dispatcherServlet'
2022-04-04 18:13:00 - [34mINFO [0;39m - INFO  - Initializing Servlet 'dispatcherServlet'
2022-04-04 18:13:00 - [34mINFO [0;39m - INFO  - Completed initialization in 1 ms
2022-04-04 18:27:20 - [31mWARN [0;39m - WARN  - new card edded CardDTO(id=null, createdDate=null, number=8600020150291214, excDate=12/12/12, balance=null, profileId=1) 
2022-04-04 18:27:20 - [31mWARN [0;39m - WARN  - SQL Error: 0, SQLState: 23505
2022-04-04 18:27:20 - [1;31mERROR[0;39m - ERROR - ОШИБКА: повторяющееся значение ключа нарушает ограничение уникальности "uk_492xmgvvn7qbnwhcvpr3yor6h"
  Подробности: Ключ "(number)=(8600020150291214)" уже существует.
2022-04-04 18:27:20 - [1;31mERROR[0;39m - ERROR - Servlet.service() for servlet [dispatcherServlet] in context with path [] threw exception [Request processing failed; nested exception is org.springframework.dao.DataIntegrityViolationException: could not execute statement; SQL [n/a]; constraint [null]; nested exception is org.hibernate.exception.ConstraintViolationException: could not execute statement] with root cause
org.postgresql.util.PSQLException: ОШИБКА: повторяющееся значение ключа нарушает ограничение уникальности "uk_492xmgvvn7qbnwhcvpr3yor6h"
  Подробности: Ключ "(number)=(8600020150291214)" уже существует.
	at org.postgresql.core.v3.QueryExecutorImpl.receiveErrorResponse(QueryExecutorImpl.java:2675)
	at org.postgresql.core.v3.QueryExecutorImpl.processResults(QueryExecutorImpl.java:2365)
	at org.postgresql.core.v3.QueryExecutorImpl.execute(QueryExecutorImpl.java:355)
	at org.postgresql.jdbc.PgStatement.executeInternal(PgStatement.java:490)
	at org.postgresql.jdbc.PgStatement.execute(PgStatement.java:408)
	at org.postgresql.jdbc.PgPreparedStatement.executeWithFlags(PgPreparedStatement.java:166)
	at org.postgresql.jdbc.PgPreparedStatement.executeUpdate(PgPreparedStatement.java:134)
	at com.zaxxer.hikari.pool.ProxyPreparedStatement.executeUpdate(ProxyPreparedStatement.java:61)
	at com.zaxxer.hikari.pool.HikariProxyPreparedStatement.executeUpdate(HikariProxyPreparedStatement.java)
	at org.hibernate.engine.jdbc.internal.ResultSetReturnImpl.executeUpdate(ResultSetReturnImpl.java:197)
	at org.hibernate.dialect.identity.GetGeneratedKeysDelegate.executeAndExtract(GetGeneratedKeysDelegate.java:58)
	at org.hibernate.id.insert.AbstractReturningDelegate.performInsert(AbstractReturningDelegate.java:43)
	at org.hibernate.persister.entity.AbstractEntityPersister.insert(AbstractEntityPersister.java:3279)
	at org.hibernate.persister.entity.AbstractEntityPersister.insert(AbstractEntityPersister.java:3885)
	at org.hibernate.action.internal.EntityIdentityInsertAction.execute(EntityIdentityInsertAction.java:84)
	at org.hibernate.engine.spi.ActionQueue.execute(ActionQueue.java:645)
	at org.hibernate.engine.spi.ActionQueue.addResolvedEntityInsertAction(ActionQueue.java:282)
	at org.hibernate.engine.spi.ActionQueue.addInsertAction(ActionQueue.java:263)
	at org.hibernate.engine.spi.ActionQueue.addAction(ActionQueue.java:317)
	at org.hibernate.event.internal.AbstractSaveEventListener.addInsertAction(AbstractSaveEventListener.java:330)
	at org.hibernate.event.internal.AbstractSaveEventListener.performSaveOrReplicate(AbstractSaveEventListener.java:287)
	at org.hibernate.event.internal.AbstractSaveEventListener.performSave(AbstractSaveEventListener.java:193)
	at org.hibernate.event.internal.AbstractSaveEventListener.saveWithGeneratedId(AbstractSaveEventListener.java:123)
	at org.hibernate.event.internal.DefaultPersistEventListener.entityIsTransient(DefaultPersistEventListener.java:185)
	at org.hibernate.event.internal.DefaultPersistEventListener.onPersist(DefaultPersistEventListener.java:128)
	at org.hibernate.event.internal.DefaultPersistEventListener.onPersist(DefaultPersistEventListener.java:55)
	at org.hibernate.event.service.internal.EventListenerGroupImpl.fireEventOnEachListener(EventListenerGroupImpl.java:107)
	at org.hibernate.internal.SessionImpl.firePersist(SessionImpl.java:756)
	at org.hibernate.internal.SessionImpl.persist(SessionImpl.java:742)
	at java.base/jdk.internal.reflect.NativeMethodAccessorImpl.invoke0(Native Method)
	at java.base/jdk.internal.reflect.NativeMethodAccessorImpl.invoke(NativeMethodAccessorImpl.java:77)
	at java.base/jdk.internal.reflect.DelegatingMethodAccessorImpl.invoke(DelegatingMethodAccessorImpl.java:43)
	at java.base/java.lang.reflect.Method.invoke(Method.java:568)
	at org.springframework.orm.jpa.ExtendedEntityManagerCreator$ExtendedEntityManagerInvocationHandler.invoke(ExtendedEntityManagerCreator.java:362)
	at jdk.proxy2/jdk.proxy2.$Proxy111.persist(Unknown Source)
	at java.base/jdk.internal.reflect.NativeMethodAccessorImpl.invoke0(Native Method)
	at java.base/jdk.internal.reflect.NativeMethodAccessorImpl.invoke(NativeMethodAccessorImpl.java:77)
	at java.base/jdk.internal.reflect.DelegatingMethodAccessorImpl.invoke(DelegatingMethodAccessorImpl.java:43)
	at java.base/java.lang.reflect.Method.invoke(Method.java:568)
	at org.springframework.orm.jpa.SharedEntityManagerCreator$SharedEntityManagerInvocationHandler.invoke(SharedEntityManagerCreator.java:311)
	at jdk.proxy2/jdk.proxy2.$Proxy111.persist(Unknown Source)
	at org.springframework.data.jpa.repository.support.SimpleJpaRepository.save(SimpleJpaRepository.java:637)
	at java.base/jdk.internal.reflect.NativeMethodAccessorImpl.invoke0(Native Method)
	at java.base/jdk.internal.reflect.NativeMethodAccessorImpl.invoke(NativeMethodAccessorImpl.java:77)
	at java.base/jdk.internal.reflect.DelegatingMethodAccessorImpl.invoke(DelegatingMethodAccessorImpl.java:43)
	at java.base/java.lang.reflect.Method.invoke(Method.java:568)
	at org.springframework.data.repository.core.support.RepositoryMethodInvoker$RepositoryFragmentMethodInvoker.lambda$new$0(RepositoryMethodInvoker.java:289)
	at org.springframework.data.repository.core.support.RepositoryMethodInvoker.doInvoke(RepositoryMethodInvoker.java:137)
	at org.springframework.data.repository.core.support.RepositoryMethodInvoker.invoke(RepositoryMethodInvoker.java:121)
	at org.springframework.data.repository.core.support.RepositoryComposition$RepositoryFragments.invoke(RepositoryComposition.java:529)
	at org.springframework.data.repository.core.support.RepositoryComposition.invoke(RepositoryComposition.java:285)
	at org.springframework.data.repository.core.support.RepositoryFactorySupport$ImplementationMethodExecutionInterceptor.invoke(RepositoryFactorySupport.java:639)
	at org.springframework.aop.framework.ReflectiveMethodInvocation.proceed(ReflectiveMethodInvocation.java:186)
	at org.springframework.data.repository.core.support.QueryExecutorMethodInterceptor.doInvoke(QueryExecutorMethodInterceptor.java:163)
	at org.springframework.data.repository.core.support.QueryExecutorMethodInterceptor.invoke(QueryExecutorMethodInterceptor.java:138)
	at org.springframework.aop.framework.ReflectiveMethodInvocation.proceed(ReflectiveMethodInvocation.java:186)
	at org.springframework.data.projection.DefaultMethodInvokingMethodInterceptor.invoke(DefaultMethodInvokingMethodInterceptor.java:80)
	at org.springframework.aop.framework.ReflectiveMethodInvocation.proceed(ReflectiveMethodInvocation.java:186)
	at org.springframework.transaction.interceptor.TransactionInterceptor$1.proceedWithInvocation(TransactionInterceptor.java:123)
	at org.springframework.transaction.interceptor.TransactionAspectSupport.invokeWithinTransaction(TransactionAspectSupport.java:388)
	at org.springframework.transaction.interceptor.TransactionInterceptor.invoke(TransactionInterceptor.java:119)
	at org.springframework.aop.framework.ReflectiveMethodInvocation.proceed(ReflectiveMethodInvocation.java:186)
	at org.springframework.dao.support.PersistenceExceptionTranslationInterceptor.invoke(PersistenceExceptionTranslationInterceptor.java:137)
	at org.springframework.aop.framework.ReflectiveMethodInvocation.proceed(ReflectiveMethodInvocation.java:186)
	at org.springframework.data.jpa.repository.support.CrudMethodMetadataPostProcessor$CrudMethodMetadataPopulatingMethodInterceptor.invoke(CrudMethodMetadataPostProcessor.java:174)
	at org.springframework.aop.framework.ReflectiveMethodInvocation.proceed(ReflectiveMethodInvocation.java:186)
	at org.springframework.aop.interceptor.ExposeInvocationInterceptor.invoke(ExposeInvocationInterceptor.java:97)
	at org.springframework.aop.framework.ReflectiveMethodInvocation.proceed(ReflectiveMethodInvocation.java:186)
	at org.springframework.aop.framework.JdkDynamicAopProxy.invoke(JdkDynamicAopProxy.java:215)
	at jdk.proxy2/jdk.proxy2.$Proxy118.save(Unknown Source)
	at com.company.UzCard.service.CardService.create(CardService.java:33)
	at com.company.UzCard.service.CardService$$FastClassBySpringCGLIB$$3a9ff351.invoke(<generated>)
	at org.springframework.cglib.proxy.MethodProxy.invoke(MethodProxy.java:218)
	at org.springframework.aop.framework.CglibAopProxy$DynamicAdvisedInterceptor.intercept(CglibAopProxy.java:689)
	at com.company.UzCard.service.CardService$$EnhancerBySpringCGLIB$$f6dc34ee.create(<generated>)
	at com.company.UzCard.controller.CardController.create(CardController.java:28)
	at java.base/jdk.internal.reflect.NativeMethodAccessorImpl.invoke0(Native Method)
	at java.base/jdk.internal.reflect.NativeMethodAccessorImpl.invoke(NativeMethodAccessorImpl.java:77)
	at java.base/jdk.internal.reflect.DelegatingMethodAccessorImpl.invoke(DelegatingMethodAccessorImpl.java:43)
	at java.base/java.lang.reflect.Method.invoke(Method.java:568)
	at org.springframework.web.method.support.InvocableHandlerMethod.doInvoke(InvocableHandlerMethod.java:205)
	at org.springframework.web.method.support.InvocableHandlerMethod.invokeForRequest(InvocableHandlerMethod.java:150)
	at org.springframework.web.servlet.mvc.method.annotation.ServletInvocableHandlerMethod.invokeAndHandle(ServletInvocableHandlerMethod.java:117)
	at org.springframework.web.servlet.mvc.method.annotation.RequestMappingHandlerAdapter.invokeHandlerMethod(RequestMappingHandlerAdapter.java:895)
	at org.springframework.web.servlet.mvc.method.annotation.RequestMappingHandlerAdapter.handleInternal(RequestMappingHandlerAdapter.java:808)
	at org.springframework.web.servlet.mvc.method.AbstractHandlerMethodAdapter.handle(AbstractHandlerMethodAdapter.java:87)
	at org.springframework.web.servlet.DispatcherServlet.doDispatch(DispatcherServlet.java:1067)
	at org.springframework.web.servlet.DispatcherServlet.doService(DispatcherServlet.java:963)
	at org.springframework.web.servlet.FrameworkServlet.processRequest(FrameworkServlet.java:1006)
	at org.springframework.web.servlet.FrameworkServlet.doPost(FrameworkServlet.java:909)
	at javax.servlet.http.HttpServlet.service(HttpServlet.java:681)
	at org.springframework.web.servlet.FrameworkServlet.service(FrameworkServlet.java:883)
	at javax.servlet.http.HttpServlet.service(HttpServlet.java:764)
	at org.apache.catalina.core.ApplicationFilterChain.internalDoFilter(ApplicationFilterChain.java:227)
	at org.apache.catalina.core.ApplicationFilterChain.doFilter(ApplicationFilterChain.java:162)
	at org.apache.tomcat.websocket.server.WsFilter.doFilter(WsFilter.java:53)
	at org.apache.catalina.core.ApplicationFilterChain.internalDoFilter(ApplicationFilterChain.java:189)
	at org.apache.catalina.core.ApplicationFilterChain.doFilter(ApplicationFilterChain.java:162)
	at org.springframework.web.filter.RequestContextFilter.doFilterInternal(RequestContextFilter.java:100)
	at org.springframework.web.filter.OncePerRequestFilter.doFilter(OncePerRequestFilter.java:117)
	at org.apache.catalina.core.ApplicationFilterChain.internalDoFilter(ApplicationFilterChain.java:189)
	at org.apache.catalina.core.ApplicationFilterChain.doFilter(ApplicationFilterChain.java:162)
	at org.springframework.web.filter.FormContentFilter.doFilterInternal(FormContentFilter.java:93)
	at org.springframework.web.filter.OncePerRequestFilter.doFilter(OncePerRequestFilter.java:117)
	at org.apache.catalina.core.ApplicationFilterChain.internalDoFilter(ApplicationFilterChain.java:189)
	at org.apache.catalina.core.ApplicationFilterChain.doFilter(ApplicationFilterChain.java:162)
	at org.springframework.web.filter.CharacterEncodingFilter.doFilterInternal(CharacterEncodingFilter.java:201)
	at org.springframework.web.filter.OncePerRequestFilter.doFilter(OncePerRequestFilter.java:117)
	at org.apache.catalina.core.ApplicationFilterChain.internalDoFilter(ApplicationFilterChain.java:189)
	at org.apache.catalina.core.ApplicationFilterChain.doFilter(ApplicationFilterChain.java:162)
	at org.apache.catalina.core.StandardWrapperValve.invoke(StandardWrapperValve.java:197)
	at org.apache.catalina.core.StandardContextValve.invoke(StandardContextValve.java:97)
	at org.apache.catalina.authenticator.AuthenticatorBase.invoke(AuthenticatorBase.java:541)
	at org.apache.catalina.core.StandardHostValve.invoke(StandardHostValve.java:135)
	at org.apache.catalina.valves.ErrorReportValve.invoke(ErrorReportValve.java:92)
	at org.apache.catalina.core.StandardEngineValve.invoke(StandardEngineValve.java:78)
	at org.apache.catalina.connector.CoyoteAdapter.service(CoyoteAdapter.java:360)
	at org.apache.coyote.http11.Http11Processor.service(Http11Processor.java:399)
	at org.apache.coyote.AbstractProcessorLight.process(AbstractProcessorLight.java:65)
	at org.apache.coyote.AbstractProtocol$ConnectionHandler.process(AbstractProtocol.java:889)
	at org.apache.tomcat.util.net.NioEndpoint$SocketProcessor.doRun(NioEndpoint.java:1743)
	at org.apache.tomcat.util.net.SocketProcessorBase.run(SocketProcessorBase.java:49)
	at org.apache.tomcat.util.threads.ThreadPoolExecutor.runWorker(ThreadPoolExecutor.java:1191)
	at org.apache.tomcat.util.threads.ThreadPoolExecutor$Worker.run(ThreadPoolExecutor.java:659)
	at org.apache.tomcat.util.threads.TaskThread$WrappingRunnable.run(TaskThread.java:61)
	at java.base/java.lang.Thread.run(Thread.java:833)
2022-04-04 18:27:52 - [31mWARN [0;39m - WARN  - new card edded CardDTO(id=null, createdDate=null, number=8600020150291214, excDate=12/12/12, balance=null, profileId=1) 
2022-04-04 18:27:52 - [31mWARN [0;39m - WARN  - SQL Error: 0, SQLState: 23505
2022-04-04 18:27:52 - [1;31mERROR[0;39m - ERROR - ОШИБКА: повторяющееся значение ключа нарушает ограничение уникальности "uk_492xmgvvn7qbnwhcvpr3yor6h"
  Подробности: Ключ "(number)=(8600020150291214)" уже существует.
2022-04-04 18:27:52 - [1;31mERROR[0;39m - ERROR - Servlet.service() for servlet [dispatcherServlet] in context with path [] threw exception [Request processing failed; nested exception is org.springframework.dao.DataIntegrityViolationException: could not execute statement; SQL [n/a]; constraint [null]; nested exception is org.hibernate.exception.ConstraintViolationException: could not execute statement] with root cause
org.postgresql.util.PSQLException: ОШИБКА: повторяющееся значение ключа нарушает ограничение уникальности "uk_492xmgvvn7qbnwhcvpr3yor6h"
  Подробности: Ключ "(number)=(8600020150291214)" уже существует.
	at org.postgresql.core.v3.QueryExecutorImpl.receiveErrorResponse(QueryExecutorImpl.java:2675)
	at org.postgresql.core.v3.QueryExecutorImpl.processResults(QueryExecutorImpl.java:2365)
	at org.postgresql.core.v3.QueryExecutorImpl.execute(QueryExecutorImpl.java:355)
	at org.postgresql.jdbc.PgStatement.executeInternal(PgStatement.java:490)
	at org.postgresql.jdbc.PgStatement.execute(PgStatement.java:408)
	at org.postgresql.jdbc.PgPreparedStatement.executeWithFlags(PgPreparedStatement.java:166)
	at org.postgresql.jdbc.PgPreparedStatement.executeUpdate(PgPreparedStatement.java:134)
	at com.zaxxer.hikari.pool.ProxyPreparedStatement.executeUpdate(ProxyPreparedStatement.java:61)
	at com.zaxxer.hikari.pool.HikariProxyPreparedStatement.executeUpdate(HikariProxyPreparedStatement.java)
	at org.hibernate.engine.jdbc.internal.ResultSetReturnImpl.executeUpdate(ResultSetReturnImpl.java:197)
	at org.hibernate.dialect.identity.GetGeneratedKeysDelegate.executeAndExtract(GetGeneratedKeysDelegate.java:58)
	at org.hibernate.id.insert.AbstractReturningDelegate.performInsert(AbstractReturningDelegate.java:43)
	at org.hibernate.persister.entity.AbstractEntityPersister.insert(AbstractEntityPersister.java:3279)
	at org.hibernate.persister.entity.AbstractEntityPersister.insert(AbstractEntityPersister.java:3885)
	at org.hibernate.action.internal.EntityIdentityInsertAction.execute(EntityIdentityInsertAction.java:84)
	at org.hibernate.engine.spi.ActionQueue.execute(ActionQueue.java:645)
	at org.hibernate.engine.spi.ActionQueue.addResolvedEntityInsertAction(ActionQueue.java:282)
	at org.hibernate.engine.spi.ActionQueue.addInsertAction(ActionQueue.java:263)
	at org.hibernate.engine.spi.ActionQueue.addAction(ActionQueue.java:317)
	at org.hibernate.event.internal.AbstractSaveEventListener.addInsertAction(AbstractSaveEventListener.java:330)
	at org.hibernate.event.internal.AbstractSaveEventListener.performSaveOrReplicate(AbstractSaveEventListener.java:287)
	at org.hibernate.event.internal.AbstractSaveEventListener.performSave(AbstractSaveEventListener.java:193)
	at org.hibernate.event.internal.AbstractSaveEventListener.saveWithGeneratedId(AbstractSaveEventListener.java:123)
	at org.hibernate.event.internal.DefaultPersistEventListener.entityIsTransient(DefaultPersistEventListener.java:185)
	at org.hibernate.event.internal.DefaultPersistEventListener.onPersist(DefaultPersistEventListener.java:128)
	at org.hibernate.event.internal.DefaultPersistEventListener.onPersist(DefaultPersistEventListener.java:55)
	at org.hibernate.event.service.internal.EventListenerGroupImpl.fireEventOnEachListener(EventListenerGroupImpl.java:107)
	at org.hibernate.internal.SessionImpl.firePersist(SessionImpl.java:756)
	at org.hibernate.internal.SessionImpl.persist(SessionImpl.java:742)
	at java.base/jdk.internal.reflect.NativeMethodAccessorImpl.invoke0(Native Method)
	at java.base/jdk.internal.reflect.NativeMethodAccessorImpl.invoke(NativeMethodAccessorImpl.java:77)
	at java.base/jdk.internal.reflect.DelegatingMethodAccessorImpl.invoke(DelegatingMethodAccessorImpl.java:43)
	at java.base/java.lang.reflect.Method.invoke(Method.java:568)
	at org.springframework.orm.jpa.ExtendedEntityManagerCreator$ExtendedEntityManagerInvocationHandler.invoke(ExtendedEntityManagerCreator.java:362)
	at jdk.proxy2/jdk.proxy2.$Proxy111.persist(Unknown Source)
	at java.base/jdk.internal.reflect.NativeMethodAccessorImpl.invoke0(Native Method)
	at java.base/jdk.internal.reflect.NativeMethodAccessorImpl.invoke(NativeMethodAccessorImpl.java:77)
	at java.base/jdk.internal.reflect.DelegatingMethodAccessorImpl.invoke(DelegatingMethodAccessorImpl.java:43)
	at java.base/java.lang.reflect.Method.invoke(Method.java:568)
	at org.springframework.orm.jpa.SharedEntityManagerCreator$SharedEntityManagerInvocationHandler.invoke(SharedEntityManagerCreator.java:311)
	at jdk.proxy2/jdk.proxy2.$Proxy111.persist(Unknown Source)
	at org.springframework.data.jpa.repository.support.SimpleJpaRepository.save(SimpleJpaRepository.java:637)
	at java.base/jdk.internal.reflect.NativeMethodAccessorImpl.invoke0(Native Method)
	at java.base/jdk.internal.reflect.NativeMethodAccessorImpl.invoke(NativeMethodAccessorImpl.java:77)
	at java.base/jdk.internal.reflect.DelegatingMethodAccessorImpl.invoke(DelegatingMethodAccessorImpl.java:43)
	at java.base/java.lang.reflect.Method.invoke(Method.java:568)
	at org.springframework.data.repository.core.support.RepositoryMethodInvoker$RepositoryFragmentMethodInvoker.lambda$new$0(RepositoryMethodInvoker.java:289)
	at org.springframework.data.repository.core.support.RepositoryMethodInvoker.doInvoke(RepositoryMethodInvoker.java:137)
	at org.springframework.data.repository.core.support.RepositoryMethodInvoker.invoke(RepositoryMethodInvoker.java:121)
	at org.springframework.data.repository.core.support.RepositoryComposition$RepositoryFragments.invoke(RepositoryComposition.java:529)
	at org.springframework.data.repository.core.support.RepositoryComposition.invoke(RepositoryComposition.java:285)
	at org.springframework.data.repository.core.support.RepositoryFactorySupport$ImplementationMethodExecutionInterceptor.invoke(RepositoryFactorySupport.java:639)
	at org.springframework.aop.framework.ReflectiveMethodInvocation.proceed(ReflectiveMethodInvocation.java:186)
	at org.springframework.data.repository.core.support.QueryExecutorMethodInterceptor.doInvoke(QueryExecutorMethodInterceptor.java:163)
	at org.springframework.data.repository.core.support.QueryExecutorMethodInterceptor.invoke(QueryExecutorMethodInterceptor.java:138)
	at org.springframework.aop.framework.ReflectiveMethodInvocation.proceed(ReflectiveMethodInvocation.java:186)
	at org.springframework.data.projection.DefaultMethodInvokingMethodInterceptor.invoke(DefaultMethodInvokingMethodInterceptor.java:80)
	at org.springframework.aop.framework.ReflectiveMethodInvocation.proceed(ReflectiveMethodInvocation.java:186)
	at org.springframework.transaction.interceptor.TransactionInterceptor$1.proceedWithInvocation(TransactionInterceptor.java:123)
	at org.springframework.transaction.interceptor.TransactionAspectSupport.invokeWithinTransaction(TransactionAspectSupport.java:388)
	at org.springframework.transaction.interceptor.TransactionInterceptor.invoke(TransactionInterceptor.java:119)
	at org.springframework.aop.framework.ReflectiveMethodInvocation.proceed(ReflectiveMethodInvocation.java:186)
	at org.springframework.dao.support.PersistenceExceptionTranslationInterceptor.invoke(PersistenceExceptionTranslationInterceptor.java:137)
	at org.springframework.aop.framework.ReflectiveMethodInvocation.proceed(ReflectiveMethodInvocation.java:186)
	at org.springframework.data.jpa.repository.support.CrudMethodMetadataPostProcessor$CrudMethodMetadataPopulatingMethodInterceptor.invoke(CrudMethodMetadataPostProcessor.java:174)
	at org.springframework.aop.framework.ReflectiveMethodInvocation.proceed(ReflectiveMethodInvocation.java:186)
	at org.springframework.aop.interceptor.ExposeInvocationInterceptor.invoke(ExposeInvocationInterceptor.java:97)
	at org.springframework.aop.framework.ReflectiveMethodInvocation.proceed(ReflectiveMethodInvocation.java:186)
	at org.springframework.aop.framework.JdkDynamicAopProxy.invoke(JdkDynamicAopProxy.java:215)
	at jdk.proxy2/jdk.proxy2.$Proxy118.save(Unknown Source)
	at com.company.UzCard.service.CardService.create(CardService.java:33)
	at com.company.UzCard.service.CardService$$FastClassBySpringCGLIB$$3a9ff351.invoke(<generated>)
	at org.springframework.cglib.proxy.MethodProxy.invoke(MethodProxy.java:218)
	at org.springframework.aop.framework.CglibAopProxy$DynamicAdvisedInterceptor.intercept(CglibAopProxy.java:689)
	at com.company.UzCard.service.CardService$$EnhancerBySpringCGLIB$$f6dc34ee.create(<generated>)
	at com.company.UzCard.controller.CardController.create(CardController.java:28)
	at java.base/jdk.internal.reflect.NativeMethodAccessorImpl.invoke0(Native Method)
	at java.base/jdk.internal.reflect.NativeMethodAccessorImpl.invoke(NativeMethodAccessorImpl.java:77)
	at java.base/jdk.internal.reflect.DelegatingMethodAccessorImpl.invoke(DelegatingMethodAccessorImpl.java:43)
	at java.base/java.lang.reflect.Method.invoke(Method.java:568)
	at org.springframework.web.method.support.InvocableHandlerMethod.doInvoke(InvocableHandlerMethod.java:205)
	at org.springframework.web.method.support.InvocableHandlerMethod.invokeForRequest(InvocableHandlerMethod.java:150)
	at org.springframework.web.servlet.mvc.method.annotation.ServletInvocableHandlerMethod.invokeAndHandle(ServletInvocableHandlerMethod.java:117)
	at org.springframework.web.servlet.mvc.method.annotation.RequestMappingHandlerAdapter.invokeHandlerMethod(RequestMappingHandlerAdapter.java:895)
	at org.springframework.web.servlet.mvc.method.annotation.RequestMappingHandlerAdapter.handleInternal(RequestMappingHandlerAdapter.java:808)
	at org.springframework.web.servlet.mvc.method.AbstractHandlerMethodAdapter.handle(AbstractHandlerMethodAdapter.java:87)
	at org.springframework.web.servlet.DispatcherServlet.doDispatch(DispatcherServlet.java:1067)
	at org.springframework.web.servlet.DispatcherServlet.doService(DispatcherServlet.java:963)
	at org.springframework.web.servlet.FrameworkServlet.processRequest(FrameworkServlet.java:1006)
	at org.springframework.web.servlet.FrameworkServlet.doPost(FrameworkServlet.java:909)
	at javax.servlet.http.HttpServlet.service(HttpServlet.java:681)
	at org.springframework.web.servlet.FrameworkServlet.service(FrameworkServlet.java:883)
	at javax.servlet.http.HttpServlet.service(HttpServlet.java:764)
	at org.apache.catalina.core.ApplicationFilterChain.internalDoFilter(ApplicationFilterChain.java:227)
	at org.apache.catalina.core.ApplicationFilterChain.doFilter(ApplicationFilterChain.java:162)
	at org.apache.tomcat.websocket.server.WsFilter.doFilter(WsFilter.java:53)
	at org.apache.catalina.core.ApplicationFilterChain.internalDoFilter(ApplicationFilterChain.java:189)
	at org.apache.catalina.core.ApplicationFilterChain.doFilter(ApplicationFilterChain.java:162)
	at org.springframework.web.filter.RequestContextFilter.doFilterInternal(RequestContextFilter.java:100)
	at org.springframework.web.filter.OncePerRequestFilter.doFilter(OncePerRequestFilter.java:117)
	at org.apache.catalina.core.ApplicationFilterChain.internalDoFilter(ApplicationFilterChain.java:189)
	at org.apache.catalina.core.ApplicationFilterChain.doFilter(ApplicationFilterChain.java:162)
	at org.springframework.web.filter.FormContentFilter.doFilterInternal(FormContentFilter.java:93)
	at org.springframework.web.filter.OncePerRequestFilter.doFilter(OncePerRequestFilter.java:117)
	at org.apache.catalina.core.ApplicationFilterChain.internalDoFilter(ApplicationFilterChain.java:189)
	at org.apache.catalina.core.ApplicationFilterChain.doFilter(ApplicationFilterChain.java:162)
	at org.springframework.web.filter.CharacterEncodingFilter.doFilterInternal(CharacterEncodingFilter.java:201)
	at org.springframework.web.filter.OncePerRequestFilter.doFilter(OncePerRequestFilter.java:117)
	at org.apache.catalina.core.ApplicationFilterChain.internalDoFilter(ApplicationFilterChain.java:189)
	at org.apache.catalina.core.ApplicationFilterChain.doFilter(ApplicationFilterChain.java:162)
	at org.apache.catalina.core.StandardWrapperValve.invoke(StandardWrapperValve.java:197)
	at org.apache.catalina.core.StandardContextValve.invoke(StandardContextValve.java:97)
	at org.apache.catalina.authenticator.AuthenticatorBase.invoke(AuthenticatorBase.java:541)
	at org.apache.catalina.core.StandardHostValve.invoke(StandardHostValve.java:135)
	at org.apache.catalina.valves.ErrorReportValve.invoke(ErrorReportValve.java:92)
	at org.apache.catalina.core.StandardEngineValve.invoke(StandardEngineValve.java:78)
	at org.apache.catalina.connector.CoyoteAdapter.service(CoyoteAdapter.java:360)
	at org.apache.coyote.http11.Http11Processor.service(Http11Processor.java:399)
	at org.apache.coyote.AbstractProcessorLight.process(AbstractProcessorLight.java:65)
	at org.apache.coyote.AbstractProtocol$ConnectionHandler.process(AbstractProtocol.java:889)
	at org.apache.tomcat.util.net.NioEndpoint$SocketProcessor.doRun(NioEndpoint.java:1743)
	at org.apache.tomcat.util.net.SocketProcessorBase.run(SocketProcessorBase.java:49)
	at org.apache.tomcat.util.threads.ThreadPoolExecutor.runWorker(ThreadPoolExecutor.java:1191)
	at org.apache.tomcat.util.threads.ThreadPoolExecutor$Worker.run(ThreadPoolExecutor.java:659)
	at org.apache.tomcat.util.threads.TaskThread$WrappingRunnable.run(TaskThread.java:61)
	at java.base/java.lang.Thread.run(Thread.java:833)
2022-04-04 18:28:28 - [31mWARN [0;39m - WARN  - new card edded CardDTO(id=null, createdDate=null, number=8600020150000014, excDate=12/12/12, balance=null, profileId=1) 
2022-04-04 19:26:38 - [31mWARN [0;39m - WARN  - HikariPool-1 - Thread starvation or clock leap detected (housekeeper delta=32m4s857ms971µs700ns).
